

***********************************************************************
Fatal NI connect error 12541, connecting to:
 (DESCRIPTION=(ADDRESS=(PROTOCOL=TCP)(HOST=allegheny.colorado.edu)(PORT=1521))(CONNECT_DATA=(SERVER=DEDICATED)(SERVICE_NAME=rhat1.boulder.net)(CID=(PROGRAM=proc)(HOST=allegheny.colorado.edu)(USER=hdba))))

  VERSION INFORMATION:
	TNS for Linux: Version 10.2.0.1.0 - Production
	TCP/IP NT Protocol Adapter for Linux: Version 10.2.0.1.0 - Production
  Time: 18-OCT-2005 09:08:11
  Tracing not turned on.
  Tns error struct:
    ns main err code: 12541
    TNS-12541: TNS:no listener
    ns secondary err code: 12560
    nt main err code: 511
    TNS-00511: No listener
    nt secondary err code: 111
    nt OS err code: 0


***********************************************************************
Fatal NI connect error 12541, connecting to:
 (DESCRIPTION=(ADDRESS=(PROTOCOL=TCP)(HOST=allegheny.colorado.edu)(PORT=1521))(CONNECT_DATA=(SERVER=DEDICATED)(SERVICE_NAME=rhat1.boulder.net)(CID=(PROGRAM=proc)(HOST=allegheny.colorado.edu)(USER=hdba))))

  VERSION INFORMATION:
	TNS for Linux: Version 10.2.0.1.0 - Production
	TCP/IP NT Protocol Adapter for Linux: Version 10.2.0.1.0 - Production
  Time: 18-OCT-2005 09:09:03
  Tracing not turned on.
  Tns error struct:
    ns main err code: 12541
    TNS-12541: TNS:no listener
    ns secondary err code: 12560
    nt main err code: 511
    TNS-00511: No listener
    nt secondary err code: 111
    nt OS err code: 0


***********************************************************************
Fatal NI connect error 12541, connecting to:
 (DESCRIPTION=(ADDRESS=(PROTOCOL=TCP)(HOST=allegheny.colorado.edu)(PORT=1521))(CONNECT_DATA=(SERVER=DEDICATED)(SERVICE_NAME=rhat1.boulder.net)(CID=(PROGRAM=sqlplus)(HOST=allegheny.colorado.edu)(USER=hdba))))

  VERSION INFORMATION:
	TNS for Linux: Version 10.2.0.1.0 - Production
	TCP/IP NT Protocol Adapter for Linux: Version 10.2.0.1.0 - Production
  Time: 18-OCT-2005 09:09:31
  Tracing not turned on.
  Tns error struct:
    ns main err code: 12541
    TNS-12541: TNS:no listener
    ns secondary err code: 12560
    nt main err code: 511
    TNS-00511: No listener
    nt secondary err code: 111
    nt OS err code: 0
